<?xml version="1.0" encoding="UTF-8"?>
<testsuite xmlns:xsi="http://www.w3.org/2001/XMLSchema-instance" xsi:noNamespaceSchemaLocation="https://maven.apache.org/surefire/maven-surefire-plugin/xsd/surefire-test-report-3.0.xsd" version="3.0" name="br.com.rodolfo.drogaria.dao.ItemVendaDaoTest" time="0.058" tests="1" errors="1" skipped="0" failures="0">
  <properties>
[...]
</properties>
  <testcase name="salvar" classname="br.com.rodolfo.drogaria.dao.ItemVendaDaoTest" time="0.057">
    <error message="not-null property references a null or transient value : br.com.rodolfo.drogaria.domain.ItemVenda.produto" type="org.hibernate.PropertyValueException"><![CDATA[org.hibernate.PropertyValueException: not-null property references a null or transient value : br.com.rodolfo.drogaria.domain.ItemVenda.produto
	at org.hibernate.engine.internal.Nullability.checkNullability(Nullability.java:106)
	at org.hibernate.action.internal.AbstractEntityInsertAction.nullifyTransientReferencesIfNotAlready(AbstractEntityInsertAction.java:132)
	at org.hibernate.action.internal.EntityIdentityInsertAction.execute(EntityIdentityInsertAction.java:86)
	at org.hibernate.engine.spi.ActionQueue.execute(ActionQueue.java:492)
	at org.hibernate.engine.spi.ActionQueue.addResolvedEntityInsertAction(ActionQueue.java:197)
	at org.hibernate.engine.spi.ActionQueue.addInsertAction(ActionQueue.java:181)
	at org.hibernate.engine.spi.ActionQueue.addAction(ActionQueue.java:216)
	at org.hibernate.event.internal.AbstractSaveEventListener.addInsertAction(AbstractSaveEventListener.java:334)
	at org.hibernate.event.internal.AbstractSaveEventListener.performSaveOrReplicate(AbstractSaveEventListener.java:289)
	at org.hibernate.event.internal.AbstractSaveEventListener.performSave(AbstractSaveEventListener.java:195)
	at org.hibernate.event.internal.AbstractSaveEventListener.saveWithGeneratedId(AbstractSaveEventListener.java:126)
	at org.hibernate.event.internal.DefaultSaveOrUpdateEventListener.saveWithGeneratedOrRequestedId(DefaultSaveOrUpdateEventListener.java:209)
	at org.hibernate.event.internal.DefaultSaveEventListener.saveWithGeneratedOrRequestedId(DefaultSaveEventListener.java:55)
	at org.hibernate.event.internal.DefaultSaveOrUpdateEventListener.entityIsTransient(DefaultSaveOrUpdateEventListener.java:194)
	at org.hibernate.event.internal.DefaultSaveEventListener.performSaveOrUpdate(DefaultSaveEventListener.java:49)
	at org.hibernate.event.internal.DefaultSaveOrUpdateEventListener.onSaveOrUpdate(DefaultSaveOrUpdateEventListener.java:90)
	at org.hibernate.internal.SessionImpl.fireSave(SessionImpl.java:715)
	at org.hibernate.internal.SessionImpl.save(SessionImpl.java:707)
	at org.hibernate.internal.SessionImpl.save(SessionImpl.java:702)
	at br.com.rodolfo.drogaria.dao.GenericDao.salvar(GenericDao.java:30)
	at br.com.rodolfo.drogaria.dao.ItemVendaDaoTest.salvar(ItemVendaDaoTest.java:27)
	at java.base/jdk.internal.reflect.DirectMethodHandleAccessor.invoke(DirectMethodHandleAccessor.java:103)
	at java.base/java.lang.reflect.Method.invoke(Method.java:580)
	at org.junit.runners.model.FrameworkMethod$1.runReflectiveCall(FrameworkMethod.java:50)
	at org.junit.internal.runners.model.ReflectiveCallable.run(ReflectiveCallable.java:12)
	at org.junit.runners.model.FrameworkMethod.invokeExplosively(FrameworkMethod.java:47)
	at org.junit.internal.runners.statements.InvokeMethod.evaluate(InvokeMethod.java:17)
	at org.junit.runners.ParentRunner.runLeaf(ParentRunner.java:325)
	at org.junit.runners.BlockJUnit4ClassRunner.runChild(BlockJUnit4ClassRunner.java:78)
	at org.junit.runners.BlockJUnit4ClassRunner.runChild(BlockJUnit4ClassRunner.java:57)
	at org.junit.runners.ParentRunner$3.run(ParentRunner.java:290)
	at org.junit.runners.ParentRunner$1.schedule(ParentRunner.java:71)
	at org.junit.runners.ParentRunner.runChildren(ParentRunner.java:288)
	at org.junit.runners.ParentRunner.access$000(ParentRunner.java:58)
	at org.junit.runners.ParentRunner$2.evaluate(ParentRunner.java:268)
	at org.junit.runners.ParentRunner.run(ParentRunner.java:363)
	at org.apache.maven.surefire.junit4.JUnit4Provider.execute(JUnit4Provider.java:316)
	at org.apache.maven.surefire.junit4.JUnit4Provider.executeWithRerun(JUnit4Provider.java:240)
	at org.apache.maven.surefire.junit4.JUnit4Provider.executeTestSet(JUnit4Provider.java:214)
	at org.apache.maven.surefire.junit4.JUnit4Provider.invoke(JUnit4Provider.java:155)
	at org.apache.maven.surefire.booter.ForkedBooter.runSuitesInProcess(ForkedBooter.java:385)
	at org.apache.maven.surefire.booter.ForkedBooter.execute(ForkedBooter.java:162)
	at org.apache.maven.surefire.booter.ForkedBooter.run(ForkedBooter.java:507)
	at org.apache.maven.surefire.booter.ForkedBooter.main(ForkedBooter.java:495)
]]></error>
    <system-out><![CDATA[Hibernate: select this_.codigo as codigo1_7_1_, this_.descricao as descrica2_7_1_, this_.fabricante_codigo as fabrican5_7_1_, this_.preco as preco3_7_1_, this_.quantidade as quantida4_7_1_, fabricante2_.codigo as codigo1_3_0_, fabricante2_.descricao as descrica2_3_0_ from Produto this_ inner join Fabricante fabricante2_ on this_.fabricante_codigo=fabricante2_.codigo where this_.codigo = ?
Hibernate: select this_.codigo as codigo1_9_4_, this_.cliente_codigo as cliente_4_9_4_, this_.horario as horario2_9_4_, this_.usuario_codigo as usuario_5_9_4_, this_.valorTotal as valorTot3_9_4_, cliente2_.codigo as codigo1_1_0_, cliente2_.dataCadastro as dataCada2_1_0_, cliente2_.liberado as liberado3_1_0_, cliente2_.pessoa_codigo as pessoa_c4_1_0_, pessoa3_.codigo as codigo1_6_1_, pessoa3_.bairro as bairro2_6_1_, pessoa3_.celular as celular3_6_1_, pessoa3_.cep as cep4_6_1_, pessoa3_.cidade_codigo as cidade_13_6_1_, pessoa3_.complemento as compleme5_6_1_, pessoa3_.cpf as cpf6_6_1_, pessoa3_.email as email7_6_1_, pessoa3_.endereco as endereco8_6_1_, pessoa3_.nome as nome9_6_1_, pessoa3_.numero as numero10_6_1_, pessoa3_.rg as rg11_6_1_, pessoa3_.telefone as telefon12_6_1_, usuario4_.codigo as codigo1_8_2_, usuario4_.ativo as ativo2_8_2_, usuario4_.pessoa_codigo as pessoa_c5_8_2_, usuario4_.senha as senha3_8_2_, usuario4_.tipo as tipo4_8_2_, pessoa5_.codigo as codigo1_6_3_, pessoa5_.bairro as bairro2_6_3_, pessoa5_.celular as celular3_6_3_, pessoa5_.cep as cep4_6_3_, pessoa5_.cidade_codigo as cidade_13_6_3_, pessoa5_.complemento as compleme5_6_3_, pessoa5_.cpf as cpf6_6_3_, pessoa5_.email as email7_6_3_, pessoa5_.endereco as endereco8_6_3_, pessoa5_.nome as nome9_6_3_, pessoa5_.numero as numero10_6_3_, pessoa5_.rg as rg11_6_3_, pessoa5_.telefone as telefon12_6_3_ from Venda this_ left outer join Cliente cliente2_ on this_.cliente_codigo=cliente2_.codigo left outer join Pessoa pessoa3_ on cliente2_.pessoa_codigo=pessoa3_.codigo inner join Usuario usuario4_ on this_.usuario_codigo=usuario4_.codigo left outer join Pessoa pessoa5_ on usuario4_.pessoa_codigo=pessoa5_.codigo where this_.codigo = ?
Hibernate: select cidade0_.codigo as codigo1_0_0_, cidade0_.estado_codigo as estado_c3_0_0_, cidade0_.nome as nome2_0_0_, estado1_.codigo as codigo1_2_1_, estado1_.nome as nome2_2_1_, estado1_.sigla as sigla3_2_1_ from Cidade cidade0_ left outer join Estado estado1_ on cidade0_.estado_codigo=estado1_.codigo where cidade0_.codigo=?
]]></system-out>
  </testcase>
</testsuite>