<?xml version="1.0" encoding="UTF-8"?>
<testsuite xmlns:xsi="http://www.w3.org/2001/XMLSchema-instance" xsi:noNamespaceSchemaLocation="https://maven.apache.org/surefire/maven-surefire-plugin/xsd/surefire-test-report-3.0.xsd" version="3.0" name="br.com.rodolfo.drogaria.dao.ProdutoDaoTest" time="0.002" tests="1" errors="0" skipped="0" failures="0">
  <properties>
[...]
</properties>
  <testcase name="salvar" classname="br.com.rodolfo.drogaria.dao.ProdutoDaoTest" time="0.001">
    <system-out><![CDATA[Hibernate: select this_.codigo as codigo1_3_0_, this_.descricao as descrica2_3_0_ from Fabricante this_ where this_.codigo = ?
Hibernate: insert into Produto (descricao, fabricante_codigo, preco, quantidade) values (?, ?, ?, ?)
Produto salvo com sucesso
]]></system-out>
  </testcase>
</testsuite>