<?xml version="1.0" encoding="UTF-8"?>
<testsuite xmlns:xsi="http://www.w3.org/2001/XMLSchema-instance" xsi:noNamespaceSchemaLocation="https://maven.apache.org/surefire/maven-surefire-plugin/xsd/surefire-test-report-3.0.xsd" version="3.0" name="br.com.rodolfo.drogaria.dao.ClienteDaoTest" time="0.024" tests="1" errors="0" skipped="0" failures="0">
  <properties>
[...]
</properties>
  <testcase name="salvar" classname="br.com.rodolfo.drogaria.dao.ClienteDaoTest" time="0.022">
    <system-out><![CDATA[Hibernate: select this_.codigo as codigo1_6_2_, this_.bairro as bairro2_6_2_, this_.celular as celular3_6_2_, this_.cep as cep4_6_2_, this_.cidade_codigo as cidade_13_6_2_, this_.complemento as compleme5_6_2_, this_.cpf as cpf6_6_2_, this_.email as email7_6_2_, this_.endereco as endereco8_6_2_, this_.nome as nome9_6_2_, this_.numero as numero10_6_2_, this_.rg as rg11_6_2_, this_.telefone as telefon12_6_2_, cidade2_.codigo as codigo1_0_0_, cidade2_.estado_codigo as estado_c3_0_0_, cidade2_.nome as nome2_0_0_, estado3_.codigo as codigo1_2_1_, estado3_.nome as nome2_2_1_, estado3_.sigla as sigla3_2_1_ from Pessoa this_ inner join Cidade cidade2_ on this_.cidade_codigo=cidade2_.codigo left outer join Estado estado3_ on cidade2_.estado_codigo=estado3_.codigo where this_.codigo = ?
Hibernate: insert into Cliente (dataCadastro, liberado, pessoa_codigo) values (?, ?, ?)
Cliente salvo com sucesso!
]]></system-out>
  </testcase>
</testsuite>